<?xml version="1.0" encoding="UTF-8"?>
<testsuite xmlns:xsi="http://www.w3.org/2001/XMLSchema-instance" xsi:noNamespaceSchemaLocation="https://maven.apache.org/surefire/maven-surefire-plugin/xsd/surefire-test-report.xsd" name="sample.SquareTest" time="0.118" tests="3" errors="0" skipped="0" failures="0">
  <properties>
[...]
</properties>
  <testcase name="test[0]" classname="sample.SquareTest" time="0.038"/>
  <testcase name="test[1]" classname="sample.SquareTest" time="0.022"/>
  <testcase name="test[2]" classname="sample.SquareTest" time="0.002"/>
</testsuite>