<?xml version="1.0" encoding="UTF-8"?>
<coverage generated="1549426229030" clover="4.2.0">
   <project name="sample 0.0.1-SNAPSHOT" timestamp="1549426221268">
      <metrics coveredelements="2" complexity="1" loc="9" methods="1" classes="1" statements="1" packages="1" coveredconditionals="0" coveredmethods="1" elements="2" ncloc="6" files="1" conditionals="0" coveredstatements="1"/>
      <package name="sample">
         <metrics coveredelements="2" complexity="1" loc="9" methods="1" classes="1" statements="1" coveredconditionals="0" coveredmethods="1" elements="2" ncloc="6" files="1" conditionals="0" coveredstatements="1"/>
         <file path="C:\Satish\eclipsews\sample\src\main\java\sample\Square.java" name="Square.java">
            <metrics coveredelements="2" coveredconditionals="0" complexity="1" loc="9" coveredmethods="1" methods="1" elements="2" classes="1" ncloc="6" statements="1" conditionals="0" coveredstatements="1"/>
            <class name="Square">
               <metrics coveredelements="2" coveredconditionals="0" complexity="1" coveredmethods="1" methods="1" elements="2" statements="1" conditionals="0" coveredstatements="1"/>
            </class>
            <line complexity="1" visibility="public" signature="square(int) : int" num="5" count="3" type="method"/>
            <line num="6" count="3" type="stmt"/>
         </file>
      </package>
   </project>
   <testproject name="sample 0.0.1-SNAPSHOT" timestamp="1549426221268">
      <metrics coveredelements="7" complexity="3" loc="37" methods="3" classes="1" statements="4" packages="1" coveredconditionals="0" coveredmethods="3" elements="7" ncloc="28" files="1" conditionals="0" coveredstatements="4"/>
      <package name="sample">
         <metrics coveredelements="7" complexity="3" loc="37" methods="3" classes="1" statements="4" coveredconditionals="0" coveredmethods="3" elements="7" ncloc="28" files="1" conditionals="0" coveredstatements="4"/>
         <file path="C:\Satish\eclipsews\sample\src\test\java\sample\SquareTest.java" name="SquareTest.java">
            <metrics coveredelements="7" coveredconditionals="0" complexity="3" loc="37" coveredmethods="3" methods="3" elements="7" classes="1" ncloc="28" statements="4" conditionals="0" coveredstatements="4"/>
            <class name="SquareTest">
               <metrics coveredelements="7" complexity="3" methods="3" testruns="3" statements="4" coveredconditionals="0" coveredmethods="3" elements="7" testfailures="0" testduration="0.034" conditionals="0" coveredstatements="4" testpasses="3"/>
            </class>
            <line complexity="1" visibility="public" signature="data() : Collection&lt;Object[]&gt;" num="18" count="1" type="method"/>
            <line num="20" count="1" type="stmt"/>
            <line complexity="1" visibility="public" signature="SquareTest(int,int)" num="27" count="3" type="method"/>
            <line num="28" count="3" type="stmt"/>
            <line num="29" count="3" type="stmt"/>
            <line complexity="1" visibility="public" signature="test() : void" num="32" testsuccess="true" count="3" testduration="0.0" type="method"/>
            <line num="34" count="3" type="stmt"/>
         </file>
      </package>
   </testproject>
</coverage>